# JRE version: Java(TM) SE Runtime Environment (8.0_40-b26) (build 1.8.0_40-b26)
# Java VM: Java HotSpot(TM) 64-Bit Server VM (25.40-b25 mixed mode windows-amd64 compressed oops)
Heap:
 PSYoungGen      total 55296K, used 20034K [0x00000000fab00000, 0x00000000ffc80000, 0x0000000100000000)
  eden space 29184K, 64% used [0x00000000fab00000,0x00000000fbd5e5b8,0x00000000fc780000)
  from space 26112K, 4% used [0x00000000fe300000,0x00000000fe432368,0x00000000ffc80000)
  to   space 27136K, 0% used [0x00000000fc780000,0x00000000fc780000,0x00000000fe200000)
 ParOldGen       total 175104K, used 110020K [0x00000000f0000000, 0x00000000fab00000, 0x00000000fab00000)
  object space 175104K, 62% used [0x00000000f0000000,0x00000000f6b712b0,0x00000000fab00000)
 Metaspace       used 37816K, capacity 38135K, committed 38656K, reserved 1083392K
  class space    used 4691K, capacity 4777K, committed 4864K, reserved 1048576K
GC Heap History (10 events):
Event: 395684.432 GC heap before
{Heap before GC invocations=109 (full 7):
 PSYoungGen      total 57856K, used 29184K [0x00000000fab00000, 0x00000000fff80000, 0x0000000100000000)
  eden space 29184K, 100% used [0x00000000fab00000,0x00000000fc780000,0x00000000fc780000)
  from space 28672K, 0% used [0x00000000fc780000,0x00000000fc780000,0x00000000fe380000)
  to   space 28672K, 0% used [0x00000000fe380000,0x00000000fe380000,0x00000000fff80000)
 ParOldGen       total 175104K, used 95525K [0x00000000f0000000, 0x00000000fab00000, 0x00000000fab00000)
  object space 175104K, 54% used [0x00000000f0000000,0x00000000f5d49630,0x00000000fab00000)
 Metaspace       used 37225K, capacity 37533K, committed 38016K, reserved 1083392K
  class space    used 4573K, capacity 4644K, committed 4736K, reserved 1048576K
Event: 395684.447 GC heap after
Heap after GC invocations=109 (full 7):
 PSYoungGen      total 57856K, used 14305K [0x00000000fab00000, 0x00000000fff80000, 0x0000000100000000)
  eden space 29184K, 0% used [0x00000000fab00000,0x00000000fab00000,0x00000000fc780000)
  from space 28672K, 49% used [0x00000000fe380000,0x00000000ff178638,0x00000000fff80000)
  to   space 28672K, 0% used [0x00000000fc780000,0x00000000fc780000,0x00000000fe380000)
 ParOldGen       total 175104K, used 95525K [0x00000000f0000000, 0x00000000fab00000, 0x00000000fab00000)
  object space 175104K, 54% used [0x00000000f0000000,0x00000000f5d49630,0x00000000fab00000)
 Metaspace       used 37225K, capacity 37533K, committed 38016K, reserved 1083392K
  class space    used 4573K, capacity 4644K, committed 4736K, reserved 1048576K
}
Event: 395751.897 GC heap before
{Heap before GC invocations=110 (full 7):
 PSYoungGen      total 57856K, used 43489K [0x00000000fab00000, 0x00000000fff80000, 0x0000000100000000)
  eden space 29184K, 100% used [0x00000000fab00000,0x00000000fc780000,0x00000000fc780000)
  from space 28672K, 49% used [0x00000000fe380000,0x00000000ff178638,0x00000000fff80000)
  to   space 28672K, 0% used [0x00000000fc780000,0x00000000fc780000,0x00000000fe380000)
 ParOldGen       total 175104K, used 95525K [0x00000000f0000000, 0x00000000fab00000, 0x00000000fab00000)
  object space 175104K, 54% used [0x00000000f0000000,0x00000000f5d49648,0x00000000fab00000)
 Metaspace       used 37245K, capacity 37533K, committed 38016K, reserved 1083392K
  class space    used 4573K, capacity 4644K, committed 4736K, reserved 1048576K
Event: 395751.950 GC heap after
Heap after GC invocations=110 (full 7):
 PSYoungGen      total 57856K, used 768K [0x00000000fab00000, 0x00000000fff80000, 0x0000000100000000)
  eden space 29184K, 0% used [0x00000000fab00000,0x00000000fab00000,0x00000000fc780000)
  from space 28672K, 2% used [0x00000000fc780000,0x00000000fc8400c0,0x00000000fe380000)
  to   space 28672K, 0% used [0x00000000fe380000,0x00000000fe380000,0x00000000fff80000)
 ParOldGen       total 175104K, used 109449K [0x00000000f0000000, 0x00000000fab00000, 0x00000000fab00000)
  object space 175104K, 62% used [0x00000000f0000000,0x00000000f6ae24d0,0x00000000fab00000)
 Metaspace       used 37245K, capacity 37533K, committed 38016K, reserved 1083392K
  class space    used 4573K, capacity 4644K, committed 4736K, reserved 1048576K
}
Event: 395858.655 GC heap before
{Heap before GC invocations=111 (full 7):
 PSYoungGen      total 57856K, used 29952K [0x00000000fab00000, 0x00000000fff80000, 0x0000000100000000)
  eden space 29184K, 100% used [0x00000000fab00000,0x00000000fc780000,0x00000000fc780000)
  from space 28672K, 2% used [0x00000000fc780000,0x00000000fc8400c0,0x00000000fe380000)
  to   space 28672K, 0% used [0x00000000fe380000,0x00000000fe380000,0x00000000fff80000)
 ParOldGen       total 175104K, used 109451K [0x00000000f0000000, 0x00000000fab00000, 0x00000000fab00000)
  object space 175104K, 62% used [0x00000000f0000000,0x00000000f6ae2d88,0x00000000fab00000)
 Metaspace       used 37254K, capacity 37597K, committed 38016K, reserved 1083392K
  class space    used 4573K, capacity 4644K, committed 4736K, reserved 1048576K
Event: 395858.662 GC heap after
Heap after GC invocations=111 (full 7):
 PSYoungGen      total 57856K, used 707K [0x00000000fab00000, 0x00000000fff80000, 0x0000000100000000)
  eden space 29184K, 0% used [0x00000000fab00000,0x00000000fab00000,0x00000000fc780000)
  from space 28672K, 2% used [0x00000000fe380000,0x00000000fe430da0,0x00000000fff80000)
  to   space 28672K, 0% used [0x00000000fc780000,0x00000000fc780000,0x00000000fe380000)
 ParOldGen       total 175104K, used 110012K [0x00000000f0000000, 0x00000000fab00000, 0x00000000fab00000)
  object space 175104K, 62% used [0x00000000f0000000,0x00000000f6b6f2b0,0x00000000fab00000)
 Metaspace       used 37254K, capacity 37597K, committed 38016K, reserved 1083392K
  class space    used 4573K, capacity 4644K, committed 4736K, reserved 1048576K
}
Event: 395911.610 GC heap before
{Heap before GC invocations=112 (full 7):
 PSYoungGen      total 57856K, used 29891K [0x00000000fab00000, 0x00000000fff80000, 0x0000000100000000)
  eden space 29184K, 100% used [0x00000000fab00000,0x00000000fc780000,0x00000000fc780000)
  from space 28672K, 2% used [0x00000000fe380000,0x00000000fe430da0,0x00000000fff80000)
  to   space 28672K, 0% used [0x00000000fc780000,0x00000000fc780000,0x00000000fe380000)
 ParOldGen       total 175104K, used 110012K [0x00000000f0000000, 0x00000000fab00000, 0x00000000fab00000)
  object space 175104K, 62% used [0x00000000f0000000,0x00000000f6b6f2b0,0x00000000fab00000)
 Metaspace       used 37255K, capacity 37597K, committed 38016K, reserved 1083392K
  class space    used 4573K, capacity 4644K, committed 4736K, reserved 1048576K
Event: 395911.614 GC heap after
Heap after GC invocations=112 (full 7):
 PSYoungGen      total 30720K, used 1107K [0x00000000fab00000, 0x00000000ffe80000, 0x0000000100000000)
  eden space 29184K, 0% used [0x00000000fab00000,0x00000000fab00000,0x00000000fc780000)
  from space 1536K, 72% used [0x00000000fc780000,0x00000000fc894d10,0x00000000fc900000)
  to   space 28160K, 0% used [0x00000000fe300000,0x00000000fe300000,0x00000000ffe80000)
 ParOldGen       total 175104K, used 110012K [0x00000000f0000000, 0x00000000fab00000, 0x00000000fab00000)
  object space 175104K, 62% used [0x00000000f0000000,0x00000000f6b6f2b0,0x00000000fab00000)
 Metaspace       used 37255K, capacity 37597K, committed 38016K, reserved 1083392K
  class space    used 4573K, capacity 4644K, committed 4736K, reserved 1048576K
}
Event: 396035.391 GC heap before
{Heap before GC invocations=113 (full 7):
 PSYoungGen      total 30720K, used 30291K [0x00000000fab00000, 0x00000000ffe80000, 0x0000000100000000)
  eden space 29184K, 100% used [0x00000000fab00000,0x00000000fc780000,0x00000000fc780000)
  from space 1536K, 72% used [0x00000000fc780000,0x00000000fc894d10,0x00000000fc900000)
  to   space 28160K, 0% used [0x00000000fe300000,0x00000000fe300000,0x00000000ffe80000)
 ParOldGen       total 175104K, used 110012K [0x00000000f0000000, 0x00000000fab00000, 0x00000000fab00000)
  object space 175104K, 62% used [0x00000000f0000000,0x00000000f6b6f2b0,0x00000000fab00000)
 Metaspace       used 37309K, capacity 37661K, committed 38016K, reserved 1083392K
  class space    used 4573K, capacity 4644K, committed 4736K, reserved 1048576K
Event: 396035.405 GC heap after
Heap after GC invocations=113 (full 7):
 PSYoungGen      total 55296K, used 1224K [0x00000000fab00000, 0x00000000ffc80000, 0x0000000100000000)
  eden space 29184K, 0% used [0x00000000fab00000,0x00000000fab00000,0x00000000fc780000)
  from space 26112K, 4% used [0x00000000fe300000,0x00000000fe432368,0x00000000ffc80000)
  to   space 27136K, 0% used [0x00000000fc780000,0x00000000fc780000,0x00000000fe200000)
 ParOldGen       total 175104K, used 110020K [0x00000000f0000000, 0x00000000fab00000, 0x00000000fab00000)
  object space 175104K, 62% used [0x00000000f0000000,0x00000000f6b712b0,0x00000000fab00000)
 Metaspace       used 37309K, capacity 37661K, committed 38016K, reserved 1083392K
  class space    used 4573K, capacity 4644K, committed 4736K, reserved 1048576K
}

